{"level":"info","message":"Processor> Starting processor #36828304627597801","timestamp":"2013-09-11T13:43:31.849Z"}
{"level":"info","message":"Thread #36828304627597801-1> Executing client code...","timestamp":"2013-09-11T13:44:55.959Z"}
{"level":"info","message":"Processor> Starting processor #36828304627597801","timestamp":"2013-09-11T13:47:39.927Z"}
{"level":"info","message":"Thread #36828304627597801-1> Executing client code...","timestamp":"2013-09-11T13:47:40.296Z"}
{"level":"info","message":"Thread #36828304627597801-1> Executing client code...","timestamp":"2013-09-11T13:50:30.025Z"}
{"level":"info","message":"Processor> Starting processor #36828304627597801","timestamp":"2013-09-11T13:49:51.837Z"}
{"level":"warn","message":"\n\nProcessor> Detected lockup in thread #36828304627597801-1.\n\n","timestamp":"2013-09-11T13:50:45.022Z"}
{"level":"warn","message":"Processor> Child process terminated due to receipt of signal null, respawning...","timestamp":"2013-09-11T13:50:45.026Z"}
{"level":"info","message":"Processor> Starting processor #36828304627597801","timestamp":"2013-09-11T13:54:08.133Z"}
{"level":"info","message":"Thread #36828304627597801-1> Executing client code...","timestamp":"2013-09-11T13:54:08.488Z"}
{"level":"warn","message":"\n\nProcessor> Detected lockup in thread #36828304627597801-1.\n\n","timestamp":"2013-09-11T13:54:23.490Z"}
{"level":"warn","message":"Processor> Child process terminated due to receipt of signal null, respawning...","timestamp":"2013-09-11T13:54:23.494Z"}
{"level":"info","message":"Processor> Starting processor #36828304627597801","timestamp":"2013-09-11T13:55:54.420Z"}
{"level":"info","message":"Thread #36828304627597801-1> Executing client code...","timestamp":"2013-09-11T13:55:54.839Z"}
{"level":"warn","message":"\n\nProcessor> Detected lockup in thread #36828304627597801-1.\n\n","timestamp":"2013-09-11T13:56:09.841Z"}
{"level":"warn","message":"Processor> Child process terminated due to receipt of signal null, respawning...","timestamp":"2013-09-11T13:56:09.845Z"}
{"level":"info","message":"Processor> Starting processor #36828304627597801","timestamp":"2013-09-11T13:58:27.611Z"}
{"level":"info","message":"Thread #36828304627597801-1> Executing client code...","timestamp":"2013-09-11T13:58:27.999Z"}
{"level":"warn","message":"\n\nProcessor> Detected lockup in thread #36828304627597801-1.\n\n","timestamp":"2013-09-11T13:58:43.000Z"}
{"level":"warn","message":"Processor> Child process terminated due to receipt of signal null, respawning...","timestamp":"2013-09-11T13:58:43.005Z"}
{"level":"info","message":"Processor> Starting processor #36828304627597801","timestamp":"2013-09-11T13:59:17.826Z"}
{"level":"info","message":"Thread #36828304627597801-0> Executing client code...","timestamp":"2013-09-11T13:59:18.339Z"}
{"level":"warn","message":"\n\nProcessor> Detected lockup in thread #36828304627597801-0.\n\n","timestamp":"2013-09-11T13:59:33.346Z"}
{"level":"warn","message":"Processor> Child process terminated due to receipt of signal null, respawning...","timestamp":"2013-09-11T13:59:33.352Z"}
{"level":"info","message":"Processor> Starting processor #36828304627597801","timestamp":"2013-09-11T14:02:35.728Z"}
{"level":"warn","message":"\n\nProcessor> Detected lockup in thread #36828304627597801-0.\n\n","timestamp":"2013-09-11T14:02:51.284Z"}
{"level":"warn","message":"Processor> Child process terminated due to receipt of signal null, respawning...","timestamp":"2013-09-11T14:02:51.290Z"}
{"level":"info","message":"Processor> Starting processor #","timestamp":"2013-09-14T07:39:58.508Z"}
{"level":"warn","message":"Processor> Child process terminated due to receipt of signal null, respawning...","timestamp":"2013-09-14T07:39:58.915Z"}
{"level":"warn","message":"\n\nProcessor> Detected lockup in thread #-0.\n\n","timestamp":"2013-09-14T07:40:13.902Z"}
{"level":"info","message":"Processor> Starting processor #36802353201021280","timestamp":"2013-09-14T07:43:37.862Z"}
{"level":"info","message":"Processor> Starting processor #36802353201021280","timestamp":"2013-09-14T07:45:15.359Z"}
{"level":"warn","message":"\n\nProcessor> Detected lockup in thread #36802353201021280-0.\n\n","timestamp":"2013-09-14T07:45:30.660Z"}
{"level":"warn","message":"Processor> Child process terminated due to receipt of signal null, respawning...","timestamp":"2013-09-14T07:45:30.664Z"}
{"level":"info","message":"Processor> Starting processor #36802353201021280","timestamp":"2013-09-14T07:46:32.465Z"}
{"level":"warn","message":"\n\nProcessor> Detected lockup in thread #36802353201021280-0.\n\n","timestamp":"2013-09-14T07:46:47.866Z"}
{"level":"warn","message":"Processor> Child process terminated due to receipt of signal null, respawning...","timestamp":"2013-09-14T07:46:47.870Z"}
{"level":"info","message":"Processor> Starting processor #36802353201021280","timestamp":"2013-09-14T07:47:18.331Z"}
{"level":"warn","message":"\n\nProcessor> Detected lockup in thread #36802353201021280-1.\n\n","timestamp":"2013-09-14T07:47:33.630Z"}
{"level":"warn","message":"Processor> Child process terminated due to receipt of signal null, respawning...","timestamp":"2013-09-14T07:47:33.636Z"}
{"level":"info","message":"Processor> Starting processor #36802353201021280","timestamp":"2013-09-14T07:48:27.257Z"}
{"level":"warn","message":"\n\nProcessor> Detected lockup in thread #36802353201021280-0.\n\n","timestamp":"2013-09-14T07:48:42.552Z"}
{"level":"warn","message":"Processor> Child process terminated due to receipt of signal null, respawning...","timestamp":"2013-09-14T07:48:42.557Z"}
{"level":"info","message":"Processor> Starting processor #36802353201021280","timestamp":"2013-09-14T07:51:41.719Z"}
{"level":"warn","message":"\n\nProcessor> Detected lockup in thread #36802353201021280-0.\n\n","timestamp":"2013-09-14T07:51:57.010Z"}
{"level":"warn","message":"Processor> Child process terminated due to receipt of signal null, respawning...","timestamp":"2013-09-14T07:51:57.014Z"}
{"level":"info","message":"Processor> Starting processor #36802353201021280","timestamp":"2013-09-14T07:52:31.278Z"}
{"level":"info","message":"Processor> Starting processor #36802353201021280","timestamp":"2013-09-14T07:54:30.648Z"}
{"level":"info","message":"Processor> Starting processor #36802353201021280","timestamp":"2013-09-14T07:55:10.887Z"}
{"level":"info","message":"Processor> Starting processor #36802353201021280","timestamp":"2013-09-14T07:58:32.318Z"}
{"level":"info","message":"Processor> Starting processor #36802353201021280","timestamp":"2013-09-14T08:01:02.438Z"}
{"level":"info","message":"Processor> Starting processor #36802353201021280","timestamp":"2013-09-14T08:02:59.447Z"}
{"level":"info","message":"Processor> Starting processor #36802353201021280","timestamp":"2013-09-14T08:04:13.694Z"}
{"level":"info","message":"Processor> Starting processor #36802353201021280","timestamp":"2013-09-14T08:29:56.270Z"}
{"level":"info","message":"Processor> Starting processor #36802353201021280","timestamp":"2013-09-14T08:35:13.153Z"}
{"level":"info","message":"Processor> Starting processor #36802353201021280","timestamp":"2013-09-14T08:36:04.326Z"}
{"level":"info","message":"Processor> Starting processor #36802353201021280","timestamp":"2013-09-14T08:37:31.064Z"}
{"level":"info","message":"Processor> Starting processor #36802353201021280","timestamp":"2013-09-14T08:38:34.669Z"}
{"level":"info","message":"Processor> Starting processor #36802353201021280","timestamp":"2013-09-14T08:39:15.846Z"}
{"level":"info","message":"Processor> Starting processor #36802353201021280","timestamp":"2013-09-14T08:39:59.883Z"}
{"level":"info","message":"Processor> Starting processor #36802353201021280","timestamp":"2013-09-14T08:41:26.347Z"}
{"level":"info","message":"Processor> Starting processor #36802353201021280","timestamp":"2013-09-14T08:42:43.591Z"}
{"level":"info","message":"Processor> Starting processor #36802353201021280","timestamp":"2013-09-15T05:46:17.784Z"}
{"level":"warn","message":"\n\nProcessor> Detected lockup in thread #36802353201021280-0.\n\n","timestamp":"2013-09-15T05:46:33.195Z"}
{"level":"warn","message":"Processor> Child process terminated due to receipt of signal null, respawning...","timestamp":"2013-09-15T05:46:33.199Z"}
{"level":"info","message":"Processor> Starting processor #36802353201021280","timestamp":"2013-09-15T05:47:48.631Z"}
{"level":"warn","message":"\n\nProcessor> Detected lockup in thread #36802353201021280-1.\n\n","timestamp":"2013-09-15T05:48:03.836Z"}
{"level":"warn","message":"Processor> Child process terminated due to receipt of signal null, respawning...","timestamp":"2013-09-15T05:48:03.841Z"}
{"level":"info","message":"Processor> Starting processor #36802353201021280","timestamp":"2013-09-15T05:48:55.789Z"}
{"level":"warn","message":"\n\nProcessor> Detected lockup in thread #36802353201021280-0.\n\n","timestamp":"2013-09-15T05:49:10.982Z"}
{"level":"warn","message":"Processor> Child process terminated due to receipt of signal null, respawning...","timestamp":"2013-09-15T05:49:10.988Z"}
{"level":"info","message":"Processor> Starting processor #36802353201021280","timestamp":"2013-09-15T05:50:25.299Z"}
{"level":"info","message":"Processor> Starting processor #36802353201021280","timestamp":"2013-09-15T05:53:37.780Z"}
{"level":"info","message":"Processor> Starting processor #36802353201021280","timestamp":"2013-09-15T05:54:22.207Z"}
{"level":"info","message":"Processor> Starting processor #36802353201021280","timestamp":"2013-09-15T05:55:05.354Z"}
{"level":"info","message":"Processor> Starting processor #36802353201021280","timestamp":"2013-09-15T05:55:30.218Z"}
{"level":"info","message":"Processor> Starting processor #36802353201021280","timestamp":"2013-09-15T05:55:54.881Z"}
{"level":"info","message":"Processor> Starting processor #36802353201021280","timestamp":"2013-09-15T05:56:21.239Z"}
{"level":"info","message":"Processor> Starting processor #36802353201021280","timestamp":"2013-09-15T05:57:47.437Z"}
{"level":"info","message":"Processor> Starting processor #36802353201021280","timestamp":"2013-09-15T05:58:17.533Z"}
{"level":"info","message":"Processor> Starting processor #36802353201021280","timestamp":"2013-09-15T05:59:05.240Z"}
{"level":"info","message":"Processor> Starting processor #36802353201021280","timestamp":"2013-09-15T05:59:38.822Z"}
{"level":"info","message":"Processor> Starting processor #36802353201021280","timestamp":"2013-09-15T06:00:39.718Z"}
{"level":"info","message":"Processor> Starting processor #36802353201021280","timestamp":"2013-09-15T06:01:18.813Z"}
{"level":"info","message":"Processor> Starting processor #36802353201021280","timestamp":"2013-09-15T06:01:47.066Z"}
{"level":"info","message":"Processor> Starting processor #36802353201021280","timestamp":"2013-09-15T06:02:43.441Z"}
{"level":"info","message":"Processor> Starting processor #36802353201021280","timestamp":"2013-09-15T06:03:37.497Z"}
{"level":"warn","message":"\n\nProcessor> Detected lockup in thread #36802353201021280-1.\n\n","timestamp":"2013-09-15T06:05:39.562Z"}
{"level":"warn","message":"Processor> Child process terminated due to receipt of signal null, respawning...","timestamp":"2013-09-15T06:05:39.568Z"}
{"level":"info","message":"Processor> Starting processor #36802353201021280","timestamp":"2013-09-15T06:17:06.009Z"}
{"level":"warn","message":"\n\nProcessor> Detected lockup in thread #36802353201021280-0.\n\n","timestamp":"2013-09-15T06:17:21.199Z"}
{"level":"warn","message":"Processor> Child process terminated due to receipt of signal null, respawning...","timestamp":"2013-09-15T06:17:21.204Z"}
{"level":"warn","message":"\n\nProcessor> Detected lockup in thread #36802353201021280-1.\n\n","timestamp":"2013-09-15T06:17:24.205Z"}
{"level":"warn","message":"Processor> Child process terminated due to receipt of signal null, respawning...","timestamp":"2013-09-15T06:17:24.209Z"}
{"level":"warn","message":"\n\nProcessor> Detected lockup in thread #36802353201021280-2.\n\n","timestamp":"2013-09-15T06:17:39.185Z"}
{"level":"warn","message":"Processor> Child process terminated due to receipt of signal null, respawning...","timestamp":"2013-09-15T06:17:39.190Z"}
{"level":"warn","message":"\n\nProcessor> Detected lockup in thread #36802353201021280-3.\n\n","timestamp":"2013-09-15T06:17:43.380Z"}
{"level":"warn","message":"Processor> Child process terminated due to receipt of signal null, respawning...","timestamp":"2013-09-15T06:17:43.385Z"}
{"level":"warn","message":"\n\nProcessor> Detected lockup in thread #36802353201021280-4.\n\n","timestamp":"2013-09-15T06:17:57.210Z"}
{"level":"warn","message":"Processor> Child process terminated due to receipt of signal null, respawning...","timestamp":"2013-09-15T06:17:57.215Z"}
{"level":"warn","message":"\n\nProcessor> Detected lockup in thread #36802353201021280-5.\n\n","timestamp":"2013-09-15T06:18:01.404Z"}
{"level":"warn","message":"Processor> Child process terminated due to receipt of signal null, respawning...","timestamp":"2013-09-15T06:18:01.415Z"}
{"level":"warn","message":"\n\nProcessor> Detected lockup in thread #36802353201021280-6.\n\n","timestamp":"2013-09-15T06:18:16.257Z"}
{"level":"warn","message":"Processor> Child process terminated due to receipt of signal null, respawning...","timestamp":"2013-09-15T06:18:16.267Z"}
{"level":"warn","message":"\n\nProcessor> Detected lockup in thread #36802353201021280-7.\n\n","timestamp":"2013-09-15T06:18:19.428Z"}
{"level":"warn","message":"Processor> Child process terminated due to receipt of signal null, respawning...","timestamp":"2013-09-15T06:18:19.434Z"}
{"level":"info","message":"Processor> Starting processor #36802353201021280","timestamp":"2013-09-15T06:19:17.327Z"}
{"level":"warn","message":"\n\nProcessor> Detected lockup in thread #36802353201021280-1.\n\n","timestamp":"2013-09-15T06:19:32.526Z"}
{"level":"warn","message":"Processor> Child process terminated due to receipt of signal null, respawning...","timestamp":"2013-09-15T06:19:32.532Z"}
{"level":"warn","message":"\n\nProcessor> Detected lockup in thread #36802353201021280-2.\n\n","timestamp":"2013-09-15T06:19:49.970Z"}
{"level":"warn","message":"Processor> Child process terminated due to receipt of signal null, respawning...","timestamp":"2013-09-15T06:19:49.974Z"}
{"level":"warn","message":"\n\nProcessor> Detected lockup in thread #36802353201021280-0.\n\n","timestamp":"2013-09-15T06:20:08.673Z"}
{"level":"warn","message":"Processor> Child process terminated due to receipt of signal null, respawning...","timestamp":"2013-09-15T06:20:08.678Z"}
{"level":"info","message":"Processor> Starting processor #36802353201021280","timestamp":"2013-09-15T06:21:25.963Z"}
{"level":"warn","message":"\n\nProcessor> Detected lockup in thread #36802353201021280-0.\n\n","timestamp":"2013-09-15T06:21:41.482Z"}
{"level":"warn","message":"Processor> Child process terminated due to receipt of signal null, respawning...","timestamp":"2013-09-15T06:21:41.490Z"}
{"level":"warn","message":"\n\nProcessor> Detected lockup in thread #36802353201021280-1.\n\n","timestamp":"2013-09-15T06:21:44.269Z"}
{"level":"warn","message":"Processor> Child process terminated due to receipt of signal null, respawning...","timestamp":"2013-09-15T06:21:44.275Z"}
{"level":"warn","message":"\n\nProcessor> Detected lockup in thread #36802353201021280-2.\n\n","timestamp":"2013-09-15T06:21:48.016Z"}
{"level":"warn","message":"Processor> Child process terminated due to receipt of signal null, respawning...","timestamp":"2013-09-15T06:21:48.021Z"}
{"level":"warn","message":"\n\nProcessor> Detected lockup in thread #36802353201021280-5.\n\n","timestamp":"2013-09-15T06:21:59.366Z"}
{"level":"warn","message":"Processor> Child process terminated due to receipt of signal null, respawning...","timestamp":"2013-09-15T06:21:59.374Z"}
{"level":"warn","message":"\n\nProcessor> Detected lockup in thread #36802353201021280-4.\n\n","timestamp":"2013-09-15T06:22:03.029Z"}
{"level":"warn","message":"Processor> Child process terminated due to receipt of signal null, respawning...","timestamp":"2013-09-15T06:22:03.034Z"}
{"level":"warn","message":"\n\nProcessor> Detected lockup in thread #36802353201021280-3.\n\n","timestamp":"2013-09-15T06:22:08.498Z"}
{"level":"warn","message":"Processor> Child process terminated due to receipt of signal null, respawning...","timestamp":"2013-09-15T06:22:08.531Z"}
{"level":"info","message":"Processor> Starting processor #36802353201021280","timestamp":"2013-09-15T06:22:31.283Z"}
{"level":"warn","message":"\n\nProcessor> Detected lockup in thread #36802353201021280-2.\n\n","timestamp":"2013-09-15T06:22:46.720Z"}
{"level":"warn","message":"Processor> Child process terminated due to receipt of signal null, respawning...","timestamp":"2013-09-15T06:22:46.725Z"}
{"level":"warn","message":"\n\nProcessor> Detected lockup in thread #36802353201021280-3.\n\n","timestamp":"2013-09-15T06:23:04.629Z"}
{"level":"warn","message":"Processor> Child process terminated due to receipt of signal null, respawning...","timestamp":"2013-09-15T06:23:04.633Z"}
{"level":"warn","message":"\n\nProcessor> Detected lockup in thread #36802353201021280-0.\n\n","timestamp":"2013-09-15T06:23:23.643Z"}
{"level":"warn","message":"Processor> Child process terminated due to receipt of signal null, respawning...","timestamp":"2013-09-15T06:23:23.647Z"}
{"level":"info","message":"Processor> Starting processor #36802353201021280","timestamp":"2013-09-15T06:25:19.396Z"}
{"level":"warn","message":"\n\nProcessor> Detected lockup in thread #36802353201021280-2.\n\n","timestamp":"2013-09-15T06:25:34.957Z"}
{"level":"warn","message":"Processor> Child process terminated due to receipt of signal null, respawning...","timestamp":"2013-09-15T06:25:34.961Z"}
{"level":"info","message":"Processor> Starting processor #36802353201021280","timestamp":"2013-09-15T06:26:02.700Z"}
{"level":"info","message":"Processor> Starting processor #36802353201021280","timestamp":"2013-09-15T06:26:29.648Z"}
{"level":"warn","message":"\n\nProcessor> Detected lockup in thread #36802353201021280-1.\n\n","timestamp":"2013-09-15T06:26:45.150Z"}
{"level":"warn","message":"Processor> Child process terminated due to receipt of signal null, respawning...","timestamp":"2013-09-15T06:26:45.155Z"}
{"level":"warn","message":"\n\nProcessor> Detected lockup in thread #36802353201021280-5.\n\n","timestamp":"2013-09-15T06:27:02.163Z"}
{"level":"warn","message":"Processor> Child process terminated due to receipt of signal null, respawning...","timestamp":"2013-09-15T06:27:02.167Z"}
{"level":"warn","message":"\n\nProcessor> Detected lockup in thread #36802353201021280-0.\n\n","timestamp":"2013-09-15T06:27:21.950Z"}
{"level":"warn","message":"Processor> Child process terminated due to receipt of signal null, respawning...","timestamp":"2013-09-15T06:27:21.955Z"}
{"level":"warn","message":"\n\nProcessor> Detected lockup in thread #36802353201021280-6.\n\n","timestamp":"2013-09-15T06:27:40.783Z"}
{"level":"warn","message":"Processor> Child process terminated due to receipt of signal null, respawning...","timestamp":"2013-09-15T06:27:40.787Z"}
{"level":"warn","message":"\n\nProcessor> Detected lockup in thread #36802353201021280-2.\n\n","timestamp":"2013-09-15T06:27:59.421Z"}
{"level":"warn","message":"Processor> Child process terminated due to receipt of signal null, respawning...","timestamp":"2013-09-15T06:27:59.426Z"}
{"level":"warn","message":"\n\nProcessor> Detected lockup in thread #36802353201021280-3.\n\n","timestamp":"2013-09-15T06:28:18.246Z"}
{"level":"warn","message":"Processor> Child process terminated due to receipt of signal null, respawning...","timestamp":"2013-09-15T06:28:18.250Z"}
{"level":"warn","message":"\n\nProcessor> Detected lockup in thread #36802353201021280-4.\n\n","timestamp":"2013-09-15T06:28:38.446Z"}
{"level":"warn","message":"Processor> Child process terminated due to receipt of signal null, respawning...","timestamp":"2013-09-15T06:28:38.482Z"}
{"level":"warn","message":"\n\nProcessor> Detected lockup in thread #36802353201021280-8.\n\n","timestamp":"2013-09-15T06:28:45.504Z"}
{"level":"warn","message":"Processor> Child process terminated due to receipt of signal null, respawning...","timestamp":"2013-09-15T06:28:45.515Z"}
{"level":"warn","message":"\n\nProcessor> Detected lockup in thread #36802353201021280-9.\n\n","timestamp":"2013-09-15T06:28:46.421Z"}
{"level":"warn","message":"Processor> Child process terminated due to receipt of signal null, respawning...","timestamp":"2013-09-15T06:28:46.438Z"}
{"level":"warn","message":"\n\nProcessor> Detected lockup in thread #36802353201021280-10.\n\n","timestamp":"2013-09-15T06:28:48.222Z"}
{"level":"warn","message":"Processor> Child process terminated due to receipt of signal null, respawning...","timestamp":"2013-09-15T06:28:48.228Z"}
{"level":"warn","message":"\n\nProcessor> Detected lockup in thread #36802353201021280-7.\n\n","timestamp":"2013-09-15T06:28:52.782Z"}
{"level":"warn","message":"Processor> Child process terminated due to receipt of signal null, respawning...","timestamp":"2013-09-15T06:28:52.788Z"}
{"level":"warn","message":"\n\nProcessor> Detected lockup in thread #36802353201021280-11.\n\n","timestamp":"2013-09-15T06:28:57.579Z"}
{"level":"warn","message":"Processor> Child process terminated due to receipt of signal null, respawning...","timestamp":"2013-09-15T06:28:57.596Z"}
{"level":"warn","message":"\n\nProcessor> Detected lockup in thread #36802353201021280-14.\n\n","timestamp":"2013-09-15T06:29:03.422Z"}
{"level":"warn","message":"Processor> Child process terminated due to receipt of signal null, respawning...","timestamp":"2013-09-15T06:29:03.432Z"}
{"level":"warn","message":"\n\nProcessor> Detected lockup in thread #36802353201021280-13.\n\n","timestamp":"2013-09-15T06:29:05.227Z"}
{"level":"warn","message":"Processor> Child process terminated due to receipt of signal null, respawning...","timestamp":"2013-09-15T06:29:05.232Z"}
{"level":"warn","message":"\n\nProcessor> Detected lockup in thread #36802353201021280-12.\n\n","timestamp":"2013-09-15T06:29:08.260Z"}
{"level":"warn","message":"Processor> Child process terminated due to receipt of signal null, respawning...","timestamp":"2013-09-15T06:29:08.265Z"}
{"level":"warn","message":"\n\nProcessor> Detected lockup in thread #36802353201021280-16.\n\n","timestamp":"2013-09-15T06:29:16.852Z"}
{"level":"warn","message":"Processor> Child process terminated due to receipt of signal null, respawning...","timestamp":"2013-09-15T06:29:16.876Z"}
{"level":"warn","message":"\n\nProcessor> Detected lockup in thread #36802353201021280-17.\n\n","timestamp":"2013-09-15T06:29:21.559Z"}
{"level":"warn","message":"Processor> Child process terminated due to receipt of signal null, respawning...","timestamp":"2013-09-15T06:29:21.594Z"}
{"level":"warn","message":"\n\nProcessor> Detected lockup in thread #36802353201021280-18.\n\n","timestamp":"2013-09-15T06:29:24.240Z"}
{"level":"warn","message":"Processor> Child process terminated due to receipt of signal null, respawning...","timestamp":"2013-09-15T06:29:24.245Z"}
{"level":"warn","message":"\n\nProcessor> Detected lockup in thread #36802353201021280-19.\n\n","timestamp":"2013-09-15T06:29:28.314Z"}
{"level":"warn","message":"Processor> Child process terminated due to receipt of signal null, respawning...","timestamp":"2013-09-15T06:29:28.320Z"}
{"level":"info","message":"Processor> Starting processor #36802353201021280","timestamp":"2013-09-15T06:30:20.764Z"}
{"level":"warn","message":"\n\nProcessor> Detected lockup in thread #36802353201021280-2.\n\n","timestamp":"2013-09-15T06:30:36.275Z"}
{"level":"warn","message":"Processor> Child process terminated due to receipt of signal null, respawning...","timestamp":"2013-09-15T06:30:36.280Z"}
{"level":"warn","message":"\n\nProcessor> Detected lockup in thread #36802353201021280-1.\n\n","timestamp":"2013-09-15T06:30:55.636Z"}
{"level":"warn","message":"Processor> Child process terminated due to receipt of signal null, respawning...","timestamp":"2013-09-15T06:30:55.640Z"}
{"level":"warn","message":"\n\nProcessor> Detected lockup in thread #36802353201021280-0.\n\n","timestamp":"2013-09-15T06:31:15.809Z"}
{"level":"warn","message":"Processor> Child process terminated due to receipt of signal null, respawning...","timestamp":"2013-09-15T06:31:15.813Z"}
{"level":"warn","message":"\n\nProcessor> Detected lockup in thread #36802353201021280-5.\n\n","timestamp":"2013-09-15T06:31:34.662Z"}
{"level":"warn","message":"Processor> Child process terminated due to receipt of signal null, respawning...","timestamp":"2013-09-15T06:31:34.666Z"}
{"level":"warn","message":"\n\nProcessor> Detected lockup in thread #36802353201021280-6.\n\n","timestamp":"2013-09-15T06:31:53.405Z"}
{"level":"warn","message":"Processor> Child process terminated due to receipt of signal null, respawning...","timestamp":"2013-09-15T06:31:53.409Z"}
{"level":"warn","message":"\n\nProcessor> Detected lockup in thread #36802353201021280-3.\n\n","timestamp":"2013-09-15T06:32:12.963Z"}
{"level":"warn","message":"Processor> Child process terminated due to receipt of signal null, respawning...","timestamp":"2013-09-15T06:32:12.968Z"}
{"level":"warn","message":"\n\nProcessor> Detected lockup in thread #36802353201021280-4.\n\n","timestamp":"2013-09-15T06:32:31.609Z"}
{"level":"warn","message":"Processor> Child process terminated due to receipt of signal null, respawning...","timestamp":"2013-09-15T06:32:31.624Z"}
{"level":"warn","message":"\n\nProcessor> Detected lockup in thread #36802353201021280-10.\n\n","timestamp":"2013-09-15T06:32:38.564Z"}
{"level":"warn","message":"Processor> Child process terminated due to receipt of signal null, respawning...","timestamp":"2013-09-15T06:32:38.585Z"}
{"level":"warn","message":"\n\nProcessor> Detected lockup in thread #36802353201021280-8.\n\n","timestamp":"2013-09-15T06:32:42.249Z"}
{"level":"warn","message":"Processor> Child process terminated due to receipt of signal null, respawning...","timestamp":"2013-09-15T06:32:42.254Z"}
{"level":"warn","message":"\n\nProcessor> Detected lockup in thread #36802353201021280-9.\n\n","timestamp":"2013-09-15T06:32:50.234Z"}
{"level":"warn","message":"Processor> Child process terminated due to receipt of signal null, respawning...","timestamp":"2013-09-15T06:32:50.244Z"}
{"level":"warn","message":"\n\nProcessor> Detected lockup in thread #36802353201021280-11.\n\n","timestamp":"2013-09-15T06:32:57.264Z"}
{"level":"warn","message":"Processor> Child process terminated due to receipt of signal null, respawning...","timestamp":"2013-09-15T06:32:57.273Z"}
{"level":"warn","message":"\n\nProcessor> Detected lockup in thread #36802353201021280-13.\n\n","timestamp":"2013-09-15T06:33:01.293Z"}
{"level":"warn","message":"Processor> Child process terminated due to receipt of signal null, respawning...","timestamp":"2013-09-15T06:33:01.302Z"}
{"level":"warn","message":"\n\nProcessor> Detected lockup in thread #36802353201021280-12.\n\n","timestamp":"2013-09-15T06:33:08.988Z"}
{"level":"warn","message":"Processor> Child process terminated due to receipt of signal null, respawning...","timestamp":"2013-09-15T06:33:08.996Z"}
{"level":"warn","message":"\n\nProcessor> Detected lockup in thread #36802353201021280-14.\n\n","timestamp":"2013-09-15T06:33:15.948Z"}
{"level":"warn","message":"Processor> Child process terminated due to receipt of signal null, respawning...","timestamp":"2013-09-15T06:33:15.953Z"}
{"level":"warn","message":"\n\nProcessor> Detected lockup in thread #36802353201021280-16.\n\n","timestamp":"2013-09-15T06:33:19.941Z"}
{"level":"warn","message":"Processor> Child process terminated due to receipt of signal null, respawning...","timestamp":"2013-09-15T06:33:19.952Z"}
{"level":"warn","message":"\n\nProcessor> Detected lockup in thread #36802353201021280-15.\n\n","timestamp":"2013-09-15T06:33:28.544Z"}
{"level":"warn","message":"Processor> Child process terminated due to receipt of signal null, respawning...","timestamp":"2013-09-15T06:33:28.557Z"}
{"level":"warn","message":"\n\nProcessor> Detected lockup in thread #36802353201021280-18.\n\n","timestamp":"2013-09-15T06:33:34.491Z"}
{"level":"warn","message":"Processor> Child process terminated due to receipt of signal null, respawning...","timestamp":"2013-09-15T06:33:34.496Z"}
{"level":"warn","message":"\n\nProcessor> Detected lockup in thread #36802353201021280-17.\n\n","timestamp":"2013-09-15T06:33:38.680Z"}
{"level":"warn","message":"Processor> Child process terminated due to receipt of signal null, respawning...","timestamp":"2013-09-15T06:33:38.703Z"}
{"level":"warn","message":"\n\nProcessor> Detected lockup in thread #36802353201021280-19.\n\n","timestamp":"2013-09-15T06:33:47.182Z"}
{"level":"warn","message":"Processor> Child process terminated due to receipt of signal null, respawning...","timestamp":"2013-09-15T06:33:47.192Z"}
{"level":"info","message":"Processor> Starting processor #36802353201021280","timestamp":"2013-09-15T06:35:20.666Z"}
{"level":"warn","message":"\n\nProcessor> Detected lockup in thread #36802353201021280-1.\n\n","timestamp":"2013-09-15T06:35:36.147Z"}
{"level":"warn","message":"Processor> Child process terminated due to receipt of signal null, respawning...","timestamp":"2013-09-15T06:35:36.152Z"}
{"level":"warn","message":"\n\nProcessor> Detected lockup in thread #36802353201021280-2.\n\n","timestamp":"2013-09-15T06:35:54.134Z"}
{"level":"warn","message":"Processor> Child process terminated due to receipt of signal null, respawning...","timestamp":"2013-09-15T06:35:54.138Z"}
{"level":"warn","message":"\n\nProcessor> Detected lockup in thread #36802353201021280-0.\n\n","timestamp":"2013-09-15T06:36:12.897Z"}
{"level":"warn","message":"Processor> Child process terminated due to receipt of signal null, respawning...","timestamp":"2013-09-15T06:36:12.902Z"}
{"level":"warn","message":"\n\nProcessor> Detected lockup in thread #36802353201021280-3.\n\n","timestamp":"2013-09-15T06:36:31.625Z"}
{"level":"warn","message":"Processor> Child process terminated due to receipt of signal null, respawning...","timestamp":"2013-09-15T06:36:31.629Z"}
{"level":"warn","message":"\n\nProcessor> Detected lockup in thread #36802353201021280-4.\n\n","timestamp":"2013-09-15T06:36:51.594Z"}
{"level":"warn","message":"Processor> Child process terminated due to receipt of signal null, respawning...","timestamp":"2013-09-15T06:36:51.598Z"}
{"level":"warn","message":"\n\nProcessor> Detected lockup in thread #36802353201021280-5.\n\n","timestamp":"2013-09-15T06:37:12.082Z"}
{"level":"warn","message":"Processor> Child process terminated due to receipt of signal null, respawning...","timestamp":"2013-09-15T06:37:12.089Z"}
{"level":"warn","message":"\n\nProcessor> Detected lockup in thread #36802353201021280-9.\n\n","timestamp":"2013-09-15T06:37:32.352Z"}
{"level":"warn","message":"Processor> Child process terminated due to receipt of signal null, respawning...","timestamp":"2013-09-15T06:37:32.364Z"}
{"level":"warn","message":"\n\nProcessor> Detected lockup in thread #36802353201021280-8.\n\n","timestamp":"2013-09-15T06:37:36.562Z"}
{"level":"warn","message":"Processor> Child process terminated due to receipt of signal null, respawning...","timestamp":"2013-09-15T06:37:36.579Z"}
{"level":"warn","message":"\n\nProcessor> Detected lockup in thread #36802353201021280-10.\n\n","timestamp":"2013-09-15T06:37:38.396Z"}
{"level":"warn","message":"Processor> Child process terminated due to receipt of signal null, respawning...","timestamp":"2013-09-15T06:37:38.403Z"}
{"level":"warn","message":"\n\nProcessor> Detected lockup in thread #36802353201021280-6.\n\n","timestamp":"2013-09-15T06:37:42.086Z"}
{"level":"warn","message":"Processor> Child process terminated due to receipt of signal null, respawning...","timestamp":"2013-09-15T06:37:42.091Z"}
{"level":"warn","message":"\n\nProcessor> Detected lockup in thread #36802353201021280-11.\n\n","timestamp":"2013-09-15T06:37:51.089Z"}
{"level":"warn","message":"Processor> Child process terminated due to receipt of signal null, respawning...","timestamp":"2013-09-15T06:37:51.109Z"}
{"level":"warn","message":"\n\nProcessor> Detected lockup in thread #36802353201021280-7.\n\n","timestamp":"2013-09-15T06:37:54.308Z"}
{"level":"warn","message":"Processor> Child process terminated due to receipt of signal null, respawning...","timestamp":"2013-09-15T06:37:54.314Z"}
{"level":"warn","message":"\n\nProcessor> Detected lockup in thread #36802353201021280-13.\n\n","timestamp":"2013-09-15T06:37:57.102Z"}
{"level":"warn","message":"Processor> Child process terminated due to receipt of signal null, respawning...","timestamp":"2013-09-15T06:37:57.139Z"}
{"level":"warn","message":"\n\nProcessor> Detected lockup in thread #36802353201021280-12.\n\n","timestamp":"2013-09-15T06:38:01.535Z"}
{"level":"warn","message":"Processor> Child process terminated due to receipt of signal null, respawning...","timestamp":"2013-09-15T06:38:01.541Z"}
{"level":"warn","message":"\n\nProcessor> Detected lockup in thread #36802353201021280-15.\n\n","timestamp":"2013-09-15T06:38:09.331Z"}
{"level":"warn","message":"Processor> Child process terminated due to receipt of signal null, respawning...","timestamp":"2013-09-15T06:38:09.370Z"}
{"level":"warn","message":"\n\nProcessor> Detected lockup in thread #36802353201021280-16.\n\n","timestamp":"2013-09-15T06:38:12.516Z"}
{"level":"warn","message":"Processor> Child process terminated due to receipt of signal null, respawning...","timestamp":"2013-09-15T06:38:12.523Z"}
{"level":"warn","message":"\n\nProcessor> Detected lockup in thread #36802353201021280-14.\n\n","timestamp":"2013-09-15T06:38:16.551Z"}
{"level":"warn","message":"Processor> Child process terminated due to receipt of signal null, respawning...","timestamp":"2013-09-15T06:38:16.559Z"}
{"level":"warn","message":"\n\nProcessor> Detected lockup in thread #36802353201021280-17.\n\n","timestamp":"2013-09-15T06:38:21.688Z"}
{"level":"warn","message":"Processor> Child process terminated due to receipt of signal null, respawning...","timestamp":"2013-09-15T06:38:21.693Z"}
{"level":"warn","message":"\n\nProcessor> Detected lockup in thread #36802353201021280-20.\n\n","timestamp":"2013-09-15T06:38:28.555Z"}
{"level":"warn","message":"Processor> Child process terminated due to receipt of signal null, respawning...","timestamp":"2013-09-15T06:38:28.559Z"}
{"level":"warn","message":"\n\nProcessor> Detected lockup in thread #36802353201021280-19.\n\n","timestamp":"2013-09-15T06:38:32.475Z"}
{"level":"warn","message":"Processor> Child process terminated due to receipt of signal null, respawning...","timestamp":"2013-09-15T06:38:32.480Z"}
{"level":"info","message":"Processor> Starting processor #36802353201021280","timestamp":"2013-09-15T06:41:32.015Z"}
{"level":"warn","message":"\n\nProcessor> Detected lockup in thread #36802353201021280-0.\n\n","timestamp":"2013-09-15T06:41:47.511Z"}
{"level":"warn","message":"Processor> Child process terminated due to receipt of signal null, respawning...","timestamp":"2013-09-15T06:41:47.516Z"}
{"level":"warn","message":"\n\nProcessor> Detected lockup in thread #36802353201021280-4.\n\n","timestamp":"2013-09-15T06:42:04.512Z"}
{"level":"warn","message":"Processor> Child process terminated due to receipt of signal null, respawning...","timestamp":"2013-09-15T06:42:04.517Z"}
{"level":"warn","message":"\n\nProcessor> Detected lockup in thread #36802353201021280-3.\n\n","timestamp":"2013-09-15T06:42:23.271Z"}
{"level":"warn","message":"Processor> Child process terminated due to receipt of signal null, respawning...","timestamp":"2013-09-15T06:42:23.276Z"}
{"level":"warn","message":"\n\nProcessor> Detected lockup in thread #36802353201021280-2.\n\n","timestamp":"2013-09-15T06:42:42.105Z"}
{"level":"warn","message":"Processor> Child process terminated due to receipt of signal null, respawning...","timestamp":"2013-09-15T06:42:42.109Z"}
{"level":"warn","message":"\n\nProcessor> Detected lockup in thread #36802353201021280-6.\n\n","timestamp":"2013-09-15T06:43:02.178Z"}
{"level":"warn","message":"Processor> Child process terminated due to receipt of signal null, respawning...","timestamp":"2013-09-15T06:43:02.182Z"}
{"level":"info","message":"Processor> Starting processor #36802353201021280","timestamp":"2013-09-15T06:43:27.934Z"}
{"level":"info","message":"Processor> Starting processor #36802353201021281","timestamp":"2013-09-15T06:48:31.541Z"}
{"level":"info","message":"Processor> Starting processor #36802353201021280","timestamp":"2013-09-15T06:48:31.608Z"}
{"level":"info","message":"Processor> Starting processor #36802353201021283","timestamp":"2013-09-15T06:48:31.717Z"}
{"level":"info","message":"Processor> Starting processor #36802353201021281","timestamp":"2013-09-15T07:27:18.971Z"}
{"level":"info","message":"Processor> Starting processor #36802353201021280","timestamp":"2013-09-15T07:27:18.994Z"}
{"level":"info","message":"Processor> Starting processor #36802353201021283","timestamp":"2013-09-15T07:27:19.110Z"}
{"level":"info","message":"Processor> Starting processor #36802353201021281","timestamp":"2013-09-15T07:37:24.366Z"}
{"level":"info","message":"Processor> Starting processor #36802353201021280","timestamp":"2013-09-15T07:37:24.380Z"}
{"level":"info","message":"Processor> Starting processor #36802353201021283","timestamp":"2013-09-15T07:37:24.451Z"}
{"level":"warn","message":"\n\nProcessor> Detected lockup in thread #36802353201021281-0.\n\n","timestamp":"2013-09-15T07:37:39.807Z"}
{"level":"warn","message":"Processor> Child process terminated due to receipt of signal null, respawning...","timestamp":"2013-09-15T07:37:39.834Z"}
{"level":"warn","message":"\n\nProcessor> Detected lockup in thread #36802353201021280-0.\n\n","timestamp":"2013-09-15T07:37:43.128Z"}
{"level":"warn","message":"Processor> Child process terminated due to receipt of signal null, respawning...","timestamp":"2013-09-15T07:37:43.133Z"}
{"level":"warn","message":"\n\nProcessor> Detected lockup in thread #36802353201021283-1.\n\n","timestamp":"2013-09-15T07:37:45.892Z"}
{"level":"warn","message":"Processor> Child process terminated due to receipt of signal null, respawning...","timestamp":"2013-09-15T07:37:45.900Z"}
{"level":"warn","message":"\n\nProcessor> Detected lockup in thread #36802353201021281-1.\n\n","timestamp":"2013-09-15T07:37:50.757Z"}
{"level":"warn","message":"Processor> Child process terminated due to receipt of signal null, respawning...","timestamp":"2013-09-15T07:37:50.767Z"}
{"level":"warn","message":"\n\nProcessor> Detected lockup in thread #36802353201021280-1.\n\n","timestamp":"2013-09-15T07:37:58.150Z"}
{"level":"warn","message":"Processor> Child process terminated due to receipt of signal null, respawning...","timestamp":"2013-09-15T07:37:58.184Z"}
{"level":"warn","message":"\n\nProcessor> Detected lockup in thread #36802353201021283-2.\n\n","timestamp":"2013-09-15T07:38:01.949Z"}
{"level":"warn","message":"Processor> Child process terminated due to receipt of signal null, respawning...","timestamp":"2013-09-15T07:38:01.957Z"}
{"level":"warn","message":"\n\nProcessor> Detected lockup in thread #36802353201021281-2.\n\n","timestamp":"2013-09-15T07:38:06.459Z"}
{"level":"warn","message":"Processor> Child process terminated due to receipt of signal null, respawning...","timestamp":"2013-09-15T07:38:06.464Z"}
{"level":"warn","message":"\n\nProcessor> Detected lockup in thread #36802353201021280-2.\n\n","timestamp":"2013-09-15T07:38:10.754Z"}
{"level":"warn","message":"Processor> Child process terminated due to receipt of signal null, respawning...","timestamp":"2013-09-15T07:38:10.760Z"}
{"level":"warn","message":"\n\nProcessor> Detected lockup in thread #36802353201021283-0.\n\n","timestamp":"2013-09-15T07:38:16.975Z"}
{"level":"warn","message":"Processor> Child process terminated due to receipt of signal null, respawning...","timestamp":"2013-09-15T07:38:17.094Z"}
{"level":"warn","message":"\n\nProcessor> Detected lockup in thread #36802353201021281-3.\n\n","timestamp":"2013-09-15T07:38:20.671Z"}
{"level":"warn","message":"Processor> Child process terminated due to receipt of signal null, respawning...","timestamp":"2013-09-15T07:38:20.676Z"}
{"level":"warn","message":"\n\nProcessor> Detected lockup in thread #36802353201021280-3.\n\n","timestamp":"2013-09-15T07:38:25.774Z"}
{"level":"warn","message":"Processor> Child process terminated due to receipt of signal null, respawning...","timestamp":"2013-09-15T07:38:25.780Z"}
{"level":"warn","message":"\n\nProcessor> Detected lockup in thread #36802353201021283-3.\n\n","timestamp":"2013-09-15T07:38:29.890Z"}
{"level":"warn","message":"Processor> Child process terminated due to receipt of signal null, respawning...","timestamp":"2013-09-15T07:38:29.933Z"}
{"level":"warn","message":"\n\nProcessor> Detected lockup in thread #36802353201021281-4.\n\n","timestamp":"2013-09-15T07:38:35.686Z"}
{"level":"warn","message":"Processor> Child process terminated due to receipt of signal null, respawning...","timestamp":"2013-09-15T07:38:35.692Z"}
{"level":"warn","message":"\n\nProcessor> Detected lockup in thread #36802353201021280-4.\n\n","timestamp":"2013-09-15T07:38:39.412Z"}
{"level":"warn","message":"Processor> Child process terminated due to receipt of signal null, respawning...","timestamp":"2013-09-15T07:38:39.495Z"}
{"level":"warn","message":"\n\nProcessor> Detected lockup in thread #36802353201021283-4.\n\n","timestamp":"2013-09-15T07:38:44.440Z"}
{"level":"warn","message":"Processor> Child process terminated due to receipt of signal null, respawning...","timestamp":"2013-09-15T07:38:44.493Z"}
{"level":"warn","message":"\n\nProcessor> Detected lockup in thread #36802353201021281-5.\n\n","timestamp":"2013-09-15T07:38:48.634Z"}
{"level":"warn","message":"Processor> Child process terminated due to receipt of signal null, respawning...","timestamp":"2013-09-15T07:38:48.652Z"}
{"level":"warn","message":"\n\nProcessor> Detected lockup in thread #36802353201021280-5.\n\n","timestamp":"2013-09-15T07:38:54.369Z"}
{"level":"warn","message":"Processor> Child process terminated due to receipt of signal null, respawning...","timestamp":"2013-09-15T07:38:54.377Z"}
{"level":"warn","message":"\n\nProcessor> Detected lockup in thread #36802353201021283-5.\n\n","timestamp":"2013-09-15T07:38:59.511Z"}
{"level":"warn","message":"Processor> Child process terminated due to receipt of signal null, respawning...","timestamp":"2013-09-15T07:38:59.516Z"}
{"level":"warn","message":"\n\nProcessor> Detected lockup in thread #36802353201021281-6.\n\n","timestamp":"2013-09-15T07:39:03.179Z"}
{"level":"warn","message":"Processor> Child process terminated due to receipt of signal null, respawning...","timestamp":"2013-09-15T07:39:03.185Z"}
{"level":"warn","message":"\n\nProcessor> Detected lockup in thread #36802353201021280-6.\n\n","timestamp":"2013-09-15T07:39:07.368Z"}
{"level":"warn","message":"Processor> Child process terminated due to receipt of signal null, respawning...","timestamp":"2013-09-15T07:39:07.373Z"}
{"level":"info","message":"Processor> Starting processor #undefined","timestamp":"2013-09-16T05:33:06.644Z"}
{"level":"warn","message":"\n\nProcessor> Detected lockup in thread #undefined-0.\n\n","timestamp":"2013-09-16T05:36:08.876Z"}
{"level":"warn","message":"Processor> Child process terminated due to receipt of signal null, respawning...","timestamp":"2013-09-16T05:36:08.881Z"}
{"level":"info","message":"Processor> Starting processor #undefined","timestamp":"2013-09-16T05:37:20.889Z"}
{"level":"warn","message":"\n\nProcessor> Detected lockup in thread #undefined-0.\n\n","timestamp":"2013-09-16T05:37:36.217Z"}
{"level":"warn","message":"Processor> Child process terminated due to receipt of signal null, respawning...","timestamp":"2013-09-16T05:37:36.223Z"}
{"level":"warn","message":"\n\nProcessor> Detected lockup in thread #undefined-1.\n\n","timestamp":"2013-09-16T05:38:23.469Z"}
{"level":"warn","message":"Processor> Child process terminated due to receipt of signal null, respawning...","timestamp":"2013-09-16T05:38:23.474Z"}
{"level":"warn","message":"\n\nProcessor> Detected lockup in thread #undefined-2.\n\n","timestamp":"2013-09-16T05:38:58.392Z"}
{"level":"warn","message":"Processor> Child process terminated due to receipt of signal null, respawning...","timestamp":"2013-09-16T05:38:58.402Z"}
{"level":"info","message":"Processor> Starting processor #undefined","timestamp":"2013-09-16T05:40:27.114Z"}
{"level":"warn","message":"\n\nProcessor> Detected lockup in thread #undefined-1.\n\n","timestamp":"2013-09-16T05:40:42.420Z"}
{"level":"warn","message":"Processor> Child process terminated due to receipt of signal null, respawning...","timestamp":"2013-09-16T05:40:42.425Z"}
{"level":"info","message":"Processor> Starting processor #8732486823","timestamp":"2013-09-16T05:43:54.739Z"}
{"level":"warn","message":"\n\nProcessor> Detected lockup in thread #8732486823-0.\n\n","timestamp":"2013-09-16T05:44:09.977Z"}
{"level":"warn","message":"Processor> Child process terminated due to receipt of signal null, respawning...","timestamp":"2013-09-16T05:44:09.982Z"}
{"level":"info","message":"Processor> Starting processor #8732486823","timestamp":"2013-09-16T06:47:41.944Z"}
{"level":"info","message":"Processor> Starting processor #37643419822195552","timestamp":"2013-09-20T12:25:45.793Z"}
{"level":"info","message":"Processor> Starting processor #37643419822195552","timestamp":"2013-09-20T12:26:45.914Z"}
{"level":"info","message":"Processor> Starting processor #37643419822195552","timestamp":"2013-09-20T12:28:39.888Z"}
{"level":"info","message":"Processor> Starting processor #37644907724276220","timestamp":"2013-09-20T12:45:40.346Z"}
{"level":"info","message":"Processor> Starting processor #NmY5ZTc2NS0xYzE1LWUxNTgtNzE5Mi0yYmVlNWJjYWIxY2U=","timestamp":"2013-09-23T11:11:57.925Z"}
{"level":"info","message":"A worker with #3 is now connected to 0.0.0.0:8081","timestamp":"2013-09-23T11:11:58.041Z"}
{"level":"info","message":"Processor> Starting processor #Y2I0NGZkYi1lNWQwLWU0OGUtODIwZS1iMzdlOTkwMmNlYmY=","timestamp":"2013-09-23T11:11:57.930Z"}
{"level":"info","message":"A worker with #1 is now connected to 0.0.0.0:8081","timestamp":"2013-09-23T11:11:58.184Z"}
{"level":"info","message":"Processor> Starting processor #ZjJkNWYzNDgtZjc4ZC01Zjk3LThmN2MtYmMwYTFmMGM1MjI4","timestamp":"2013-09-23T11:11:58.047Z"}
{"level":"info","message":"A worker with #4 is now connected to 0.0.0.0:8081","timestamp":"2013-09-23T11:11:58.287Z"}
{"level":"info","message":"Processor> Starting processor #NTBjMTE2NTAtYmFkMy1lNzA0LWUzMTYtNzY2NjJjMjU1OWMw","timestamp":"2013-09-23T11:11:57.962Z"}
{"level":"info","message":"A worker with #2 is now connected to 0.0.0.0:8081","timestamp":"2013-09-23T11:11:58.309Z"}
{"level":"info","message":"Processor> Starting processor #37644907724276220","timestamp":"2013-09-23T11:43:03.028Z"}
{"level":"info","message":"Processor> Starting processor #37643419822195552","timestamp":"2013-09-23T11:43:03.071Z"}
{"level":"info","message":"Processor> Starting processor #37644890793967965","timestamp":"2013-09-23T11:43:05.258Z"}
{"level":"warn","message":"\n\nProcessor> Detected lockup in thread #37644907724276220-0.\n\n","timestamp":"2013-09-23T11:43:18.590Z"}
{"level":"warn","message":"Processor> Child process terminated due to receipt of signal null, respawning...","timestamp":"2013-09-23T11:43:18.602Z"}
{"level":"warn","message":"\n\nProcessor> Detected lockup in thread #37643419822195552-0.\n\n","timestamp":"2013-09-23T11:43:21.483Z"}
{"level":"warn","message":"Processor> Child process terminated due to receipt of signal null, respawning...","timestamp":"2013-09-23T11:43:21.499Z"}
{"level":"warn","message":"\n\nProcessor> Detected lockup in thread #37644890793967965-1.\n\n","timestamp":"2013-09-23T11:43:22.445Z"}
{"level":"warn","message":"Processor> Child process terminated due to receipt of signal null, respawning...","timestamp":"2013-09-23T11:43:22.452Z"}
{"level":"warn","message":"\n\nProcessor> Detected lockup in thread #37644907724276220-1.\n\n","timestamp":"2013-09-23T11:43:24.155Z"}
{"level":"warn","message":"Processor> Child process terminated due to receipt of signal null, respawning...","timestamp":"2013-09-23T11:43:24.165Z"}
{"level":"warn","message":"\n\nProcessor> Detected lockup in thread #37643419822195552-1.\n\n","timestamp":"2013-09-23T11:43:36.869Z"}
{"level":"warn","message":"Processor> Child process terminated due to receipt of signal null, respawning...","timestamp":"2013-09-23T11:43:36.880Z"}
{"level":"warn","message":"\n\nProcessor> Detected lockup in thread #37644890793967965-0.\n\n","timestamp":"2013-09-23T11:43:38.038Z"}
{"level":"warn","message":"Processor> Child process terminated due to receipt of signal null, respawning...","timestamp":"2013-09-23T11:43:38.051Z"}
{"level":"warn","message":"\n\nProcessor> Detected lockup in thread #37644907724276220-2.\n\n","timestamp":"2013-09-23T11:43:39.435Z"}
{"level":"warn","message":"Processor> Child process terminated due to receipt of signal null, respawning...","timestamp":"2013-09-23T11:43:39.457Z"}
{"level":"warn","message":"\n\nProcessor> Detected lockup in thread #37643419822195552-2.\n\n","timestamp":"2013-09-23T11:43:42.166Z"}
{"level":"warn","message":"Processor> Child process terminated due to receipt of signal null, respawning...","timestamp":"2013-09-23T11:43:42.178Z"}
{"level":"warn","message":"\n\nProcessor> Detected lockup in thread #37644890793967965-2.\n\n","timestamp":"2013-09-23T11:43:54.140Z"}
{"level":"warn","message":"Processor> Child process terminated due to receipt of signal null, respawning...","timestamp":"2013-09-23T11:43:54.161Z"}
{"level":"warn","message":"\n\nProcessor> Detected lockup in thread #37644907724276220-3.\n\n","timestamp":"2013-09-23T11:43:55.137Z"}
{"level":"warn","message":"Processor> Child process terminated due to receipt of signal null, respawning...","timestamp":"2013-09-23T11:43:55.144Z"}
{"level":"warn","message":"\n\nProcessor> Detected lockup in thread #37643419822195552-3.\n\n","timestamp":"2013-09-23T11:43:56.753Z"}
{"level":"warn","message":"Processor> Child process terminated due to receipt of signal null, respawning...","timestamp":"2013-09-23T11:43:56.762Z"}
{"level":"warn","message":"\n\nProcessor> Detected lockup in thread #37644890793967965-3.\n\n","timestamp":"2013-09-23T11:43:58.440Z"}
{"level":"warn","message":"Processor> Child process terminated due to receipt of signal null, respawning...","timestamp":"2013-09-23T11:43:58.452Z"}
{"level":"warn","message":"\n\nProcessor> Detected lockup in thread #37644907724276220-4.\n\n","timestamp":"2013-09-23T11:44:10.674Z"}
{"level":"warn","message":"Processor> Child process terminated due to receipt of signal null, respawning...","timestamp":"2013-09-23T11:44:10.830Z"}
{"level":"warn","message":"\n\nProcessor> Detected lockup in thread #37643419822195552-4.\n\n","timestamp":"2013-09-23T11:44:11.966Z"}
{"level":"warn","message":"Processor> Child process terminated due to receipt of signal null, respawning...","timestamp":"2013-09-23T11:44:11.985Z"}
{"level":"warn","message":"\n\nProcessor> Detected lockup in thread #37644890793967965-4.\n\n","timestamp":"2013-09-23T11:44:13.597Z"}
{"level":"warn","message":"Processor> Child process terminated due to receipt of signal null, respawning...","timestamp":"2013-09-23T11:44:13.609Z"}
{"level":"warn","message":"\n\nProcessor> Detected lockup in thread #37644907724276220-5.\n\n","timestamp":"2013-09-23T11:44:15.352Z"}
{"level":"warn","message":"Processor> Child process terminated due to receipt of signal null, respawning...","timestamp":"2013-09-23T11:44:15.360Z"}
{"level":"warn","message":"\n\nProcessor> Detected lockup in thread #37643419822195552-6.\n\n","timestamp":"2013-09-23T11:44:28.389Z"}
{"level":"warn","message":"Processor> Child process terminated due to receipt of signal null, respawning...","timestamp":"2013-09-23T11:44:28.415Z"}
{"level":"warn","message":"\n\nProcessor> Detected lockup in thread #37644890793967965-5.\n\n","timestamp":"2013-09-23T11:44:30.045Z"}
{"level":"warn","message":"Processor> Child process terminated due to receipt of signal null, respawning...","timestamp":"2013-09-23T11:44:30.058Z"}
{"level":"warn","message":"\n\nProcessor> Detected lockup in thread #37644907724276220-6.\n\n","timestamp":"2013-09-23T11:44:31.888Z"}
{"level":"warn","message":"Processor> Child process terminated due to receipt of signal null, respawning...","timestamp":"2013-09-23T11:44:31.898Z"}
{"level":"warn","message":"\n\nProcessor> Detected lockup in thread #37643419822195552-5.\n\n","timestamp":"2013-09-23T11:44:34.044Z"}
{"level":"warn","message":"Processor> Child process terminated due to receipt of signal null, respawning...","timestamp":"2013-09-23T11:44:34.051Z"}
{"level":"info","message":"Processor> Starting processor #37643419822195552","timestamp":"2013-09-23T11:47:13.804Z"}
{"level":"info","message":"Processor> Starting processor #37644907724276220","timestamp":"2013-09-23T11:47:16.267Z"}
{"level":"info","message":"Processor> Starting processor #37644890793967965","timestamp":"2013-09-23T11:47:16.517Z"}
{"level":"info","message":"Processor> Starting processor #37643419822195552","timestamp":"2013-09-23T11:50:21.315Z"}
{"level":"info","message":"Processor> Starting processor #37644890793967965","timestamp":"2013-09-23T11:50:21.447Z"}
{"level":"info","message":"Processor> Starting processor #37644907724276220","timestamp":"2013-09-23T11:50:21.768Z"}
{"level":"info","message":"Processor> Starting processor #37643419822195552","timestamp":"2013-09-23T11:51:43.243Z"}
{"level":"info","message":"Processor> Starting processor #37644890793967965","timestamp":"2013-09-23T11:51:44.378Z"}
{"level":"info","message":"Processor> Starting processor #37644907724276220","timestamp":"2013-09-23T11:51:44.416Z"}
{"level":"info","message":"Processor> Starting processor #37643419822195552","timestamp":"2013-09-23T11:52:14.903Z"}
{"level":"info","message":"Processor> Starting processor #37644907724276220","timestamp":"2013-09-23T11:52:14.979Z"}
{"level":"info","message":"Processor> Starting processor #37644890793967965","timestamp":"2013-09-23T11:52:15.026Z"}
{"level":"info","message":"Processor> Starting processor #37644907724276220","timestamp":"2013-09-23T11:55:48.405Z"}
{"level":"info","message":"Processor> Starting processor #37643419822195552","timestamp":"2013-09-23T11:55:48.563Z"}
{"level":"info","message":"Processor> Starting processor #37644890793967965","timestamp":"2013-09-23T11:55:48.621Z"}
{"level":"warn","message":"\n\nProcessor> Detected lockup in thread #37644907724276220-0.\n\n","timestamp":"2013-09-23T11:57:59.062Z"}
{"level":"warn","message":"Processor> Child process terminated due to receipt of signal null, respawning...","timestamp":"2013-09-23T11:57:59.069Z"}
{"level":"info","message":"Processor> Starting processor #37644890793967965","timestamp":"2013-09-23T12:15:29.677Z"}
{"level":"info","message":"Processor> Starting processor #37644907724276220","timestamp":"2013-09-23T12:15:29.747Z"}
{"level":"info","message":"Processor> Starting processor #37643419822195552","timestamp":"2013-09-23T12:15:29.942Z"}
{"level":"info","message":"Processor> Starting processor #38176461129122088","timestamp":"2013-09-26T10:00:39.757Z"}
{"level":"warn","message":"Processor> Child process terminated due to receipt of signal null, respawning...","timestamp":"2013-09-26T10:00:40.187Z"}
{"level":"warn","message":"\n\nProcessor> Detected lockup in thread #38176461129122088-1.\n\n","timestamp":"2013-09-26T10:00:55.177Z"}
{"level":"info","message":"Processor> Starting processor #38176461129122088","timestamp":"2013-09-26T10:01:18.380Z"}
{"level":"warn","message":"\n\nProcessor> Detected lockup in thread #38176461129122088-0.\n\n","timestamp":"2013-09-26T10:01:33.957Z"}
{"level":"warn","message":"Processor> Child process terminated due to receipt of signal null, respawning...","timestamp":"2013-09-26T10:01:33.962Z"}
{"level":"info","message":"Processor> Starting processor #38176461129122088","timestamp":"2013-09-26T10:03:28.424Z"}
{"level":"warn","message":"\n\nProcessor> Detected lockup in thread #38176461129122088-1.\n\n","timestamp":"2013-09-26T10:03:43.852Z"}
{"level":"warn","message":"Processor> Child process terminated due to receipt of signal null 1, respawning...","timestamp":"2013-09-26T10:03:43.858Z"}
{"level":"info","message":"Processor> Starting processor #38176461129122088","timestamp":"2013-09-26T10:06:05.486Z"}
{"level":"info","message":"Processor> Starting processor #38176461129122088","timestamp":"2013-09-26T10:07:09.856Z"}
{"level":"info","message":"Processor> Starting processor #38176461129122088","timestamp":"2013-09-26T10:09:23.891Z"}
{"level":"info","message":"Processor> Starting processor #38176461129122088","timestamp":"2013-09-26T10:10:52.011Z"}
{"level":"info","message":"Processor> Starting processor #38176461129122088","timestamp":"2013-09-26T10:13:22.246Z"}
{"level":"info","message":"Processor> Starting processor #38176461129122088","timestamp":"2013-09-26T10:14:36.950Z"}
{"level":"info","message":"Processor> Starting processor #38176461129122088","timestamp":"2013-09-26T10:16:51.819Z"}
{"level":"info","message":"Processor> Starting processor #38176461129122088","timestamp":"2013-09-26T10:19:37.601Z"}
{"level":"info","message":"Processor> Starting processor #38176461129122088","timestamp":"2013-09-26T10:20:41.162Z"}
{"level":"info","message":"Processor> Starting processor #38176461129122088","timestamp":"2013-09-26T10:23:05.653Z"}
{"level":"warn","message":"Processor> Child process terminated due to receipt of signal SIGXCPU, respawning...","timestamp":"2013-09-26T10:23:25.755Z"}
{"level":"warn","message":"\n\nProcessor> Detected lockup in thread #38176461129122088-1.\n\n","timestamp":"2013-09-26T10:23:37.843Z"}
{"level":"info","message":"Processor> Starting processor #38176461129122088","timestamp":"2013-09-26T10:31:02.872Z"}
{"level":"warn","message":"Processor> Child process terminated due to receipt of signal SIGXCPU, respawning...","timestamp":"2013-09-26T10:31:05.582Z"}
{"level":"info","message":"Processor> Starting processor #38005375432261971","timestamp":"2013-09-26T10:35:29.490Z"}
{"level":"info","message":"Processor> Starting processor #36819379131908426","timestamp":"2013-09-26T10:35:29.528Z"}
{"level":"warn","message":"Processor> Child process terminated due to receipt of signal SIGXCPU, respawning...","timestamp":"2013-09-26T10:35:30.626Z"}
{"level":"warn","message":"Processor> Child process terminated due to receipt of signal SIGXCPU, respawning...","timestamp":"2013-09-26T10:35:38.789Z"}
{"level":"warn","message":"Processor> Child process terminated due to receipt of signal SIGXCPU, respawning...","timestamp":"2013-09-26T10:35:38.830Z"}
{"level":"warn","message":"Processor> Child process terminated due to receipt of signal SIGXCPU, respawning...","timestamp":"2013-09-26T10:35:40.402Z"}
{"level":"warn","message":"Processor> Child process terminated due to receipt of signal SIGXCPU, respawning...","timestamp":"2013-09-26T10:35:43.415Z"}
{"level":"warn","message":"Processor> Child process terminated due to receipt of signal SIGXCPU, respawning...","timestamp":"2013-09-26T10:35:46.716Z"}
{"level":"warn","message":"Processor> Child process terminated due to receipt of signal SIGXCPU, respawning...","timestamp":"2013-09-26T10:35:55.790Z"}
{"level":"warn","message":"Processor> Child process terminated due to receipt of signal SIGXCPU, respawning...","timestamp":"2013-09-26T10:35:56.285Z"}
{"level":"warn","message":"Processor> Child process terminated due to receipt of signal SIGXCPU, respawning...","timestamp":"2013-09-26T10:35:58.924Z"}
{"level":"warn","message":"Processor> Child process terminated due to receipt of signal SIGXCPU, respawning...","timestamp":"2013-09-26T10:36:01.498Z"}
{"level":"warn","message":"Processor> Child process terminated due to receipt of signal SIGXCPU, respawning...","timestamp":"2013-09-26T10:36:03.481Z"}
{"level":"warn","message":"Processor> Child process terminated due to receipt of signal SIGXCPU, respawning...","timestamp":"2013-09-26T10:36:11.986Z"}
{"level":"warn","message":"Processor> Child process terminated due to receipt of signal SIGXCPU, respawning...","timestamp":"2013-09-26T10:36:14.848Z"}
{"level":"warn","message":"Processor> Child process terminated due to receipt of signal SIGXCPU, respawning...","timestamp":"2013-09-26T10:36:15.905Z"}
{"level":"warn","message":"Processor> Child process terminated due to receipt of signal SIGXCPU, respawning...","timestamp":"2013-09-26T10:36:19.082Z"}
{"level":"warn","message":"Processor> Child process terminated due to receipt of signal SIGXCPU, respawning...","timestamp":"2013-09-26T10:36:20.220Z"}
{"level":"warn","message":"Processor> Child process terminated due to receipt of signal SIGXCPU, respawning...","timestamp":"2013-09-26T10:36:30.000Z"}
{"level":"warn","message":"Processor> Child process terminated due to receipt of signal SIGXCPU, respawning...","timestamp":"2013-09-26T10:36:31.726Z"}
{"level":"warn","message":"Processor> Child process terminated due to receipt of signal SIGXCPU, respawning...","timestamp":"2013-09-26T10:36:34.818Z"}
{"level":"warn","message":"Processor> Child process terminated due to receipt of signal SIGXCPU, respawning...","timestamp":"2013-09-26T10:36:36.397Z"}
{"level":"warn","message":"Processor> Child process terminated due to receipt of signal SIGXCPU, respawning...","timestamp":"2013-09-26T10:36:38.198Z"}
{"level":"warn","message":"Processor> Child process terminated due to receipt of signal SIGXCPU, respawning...","timestamp":"2013-09-26T10:36:46.743Z"}
{"level":"warn","message":"Processor> Child process terminated due to receipt of signal SIGXCPU, respawning...","timestamp":"2013-09-26T10:36:48.504Z"}
{"level":"warn","message":"Processor> Child process terminated due to receipt of signal SIGXCPU, respawning...","timestamp":"2013-09-26T10:36:51.641Z"}
{"level":"warn","message":"Processor> Child process terminated due to receipt of signal SIGXCPU, respawning...","timestamp":"2013-09-26T10:36:54.683Z"}
{"level":"warn","message":"Processor> Child process terminated due to receipt of signal SIGXCPU, respawning...","timestamp":"2013-09-26T10:36:54.966Z"}
{"level":"warn","message":"Processor> Child process terminated due to receipt of signal SIGXCPU, respawning...","timestamp":"2013-09-26T10:37:03.164Z"}
{"level":"warn","message":"Processor> Child process terminated due to receipt of signal SIGXCPU, respawning...","timestamp":"2013-09-26T10:37:04.922Z"}
